<?xml version="1.0" encoding="UTF-8"?>
<testsuite xmlns:xsi="http://www.w3.org/2001/XMLSchema-instance" xsi:noNamespaceSchemaLocation="https://maven.apache.org/surefire/maven-surefire-plugin/xsd/surefire-test-report.xsd" version="3.0.2" name="ejemplos._01_Ejemplo_Test" time="0.165" tests="13" errors="0" skipped="0" failures="2">
  <properties>
[...]
</properties>
  <testcase name="test3" classname="ejemplos._02_Asertos_Test" time="0.086">
    <system-out><![CDATA[Ejecutando un test que no hace nada
Test 1
Test 11
Test 3
Test 9
Test 10
Test 2
Test 12
Creando Calculadora
I
II
III
]]></system-out>
  </testcase>
  <testcase name="test1" classname="ejemplos._02_Asertos_Test" time="0.086"/>
  <testcase name="test2" classname="ejemplos._02_Asertos_Test" time="0.086"/>
  <testcase name="test9" classname="ejemplos._02_Asertos_Test" time="0.086"/>
  <testcase name="test10" classname="ejemplos._02_Asertos_Test" time="0.086"/>
  <testcase name="test6" classname="ejemplos._02_Asertos_Test" time="0.002">
    <system-out><![CDATA[Test 5
Test 4
Test 6
Test 7
]]></system-out>
  </testcase>
  <testcase name="test5" classname="ejemplos._02_Asertos_Test" time="0.005">
    <system-out><![CDATA[Creando Calculadora
]]></system-out>
  </testcase>
  <testcase name="test4" classname="ejemplos._02_Asertos_Test" time="0.01">
    <system-out><![CDATA[Test 8
]]></system-out>
  </testcase>
  <testcase name="test7" classname="ejemplos._02_Asertos_Test" time="0.007">
    <system-out><![CDATA[Creando Calculadora
Creando Calculadora
]]></system-out>
  </testcase>
  <testcase name="test8" classname="ejemplos._02_Asertos_Test" time="0.01"/>
  <testcase name="test11" classname="ejemplos._02_Asertos_Test" time="0.086">
    <failure message="Test fallido" type="org.opentest4j.AssertionFailedError"><![CDATA[org.opentest4j.AssertionFailedError: Test fallido
	at org.junit.jupiter.api.AssertionUtils.fail(AssertionUtils.java:38)
	at org.junit.jupiter.api.Assertions.fail(Assertions.java:138)
	at ejemplos._02_Asertos_Test.test11(_02_Asertos_Test.java:158)
	at java.base/java.lang.reflect.Method.invoke(Method.java:568)
	at java.base/java.util.concurrent.ForkJoinTask.doExec(ForkJoinTask.java:373)
	at java.base/java.util.concurrent.ForkJoinPool$WorkQueue.topLevelExec(ForkJoinPool.java:1182)
	at java.base/java.util.concurrent.ForkJoinPool.scan(ForkJoinPool.java:1655)
	at java.base/java.util.concurrent.ForkJoinPool.runWorker(ForkJoinPool.java:1622)
	at java.base/java.util.concurrent.ForkJoinWorkerThread.run(ForkJoinWorkerThread.java:165)
]]></failure>
  </testcase>
  <testcase name="test12" classname="ejemplos._02_Asertos_Test" time="0.088">
    <failure message="Multiple Failures (1 failure)&#10;	org.opentest4j.AssertionFailedError: No es mayor que 10 ==&gt; expected: &lt;true&gt; but was: &lt;false&gt;" type="org.opentest4j.MultipleFailuresError"><![CDATA[org.opentest4j.MultipleFailuresError: 
Multiple Failures (1 failure)
	org.opentest4j.AssertionFailedError: No es mayor que 10 ==> expected: <true> but was: <false>
	at org.junit.jupiter.api.AssertAll.assertAll(AssertAll.java:80)
	at org.junit.jupiter.api.AssertAll.assertAll(AssertAll.java:44)
	at org.junit.jupiter.api.AssertAll.assertAll(AssertAll.java:38)
	at org.junit.jupiter.api.Assertions.assertAll(Assertions.java:2944)
	at ejemplos._02_Asertos_Test.test12(_02_Asertos_Test.java:196)
	at java.base/java.lang.reflect.Method.invoke(Method.java:568)
	at java.base/java.util.concurrent.ForkJoinTask.doExec(ForkJoinTask.java:373)
	at java.base/java.util.concurrent.ForkJoinPool$WorkQueue.topLevelExec(ForkJoinPool.java:1182)
	at java.base/java.util.concurrent.ForkJoinPool.scan(ForkJoinPool.java:1655)
	at java.base/java.util.concurrent.ForkJoinPool.runWorker(ForkJoinPool.java:1622)
	at java.base/java.util.concurrent.ForkJoinWorkerThread.run(ForkJoinWorkerThread.java:165)
	Suppressed: org.opentest4j.AssertionFailedError: No es mayor que 10 ==> expected: <true> but was: <false>
		at org.junit.jupiter.api.AssertionFailureBuilder.build(AssertionFailureBuilder.java:151)
		at org.junit.jupiter.api.AssertionFailureBuilder.buildAndThrow(AssertionFailureBuilder.java:132)
		at org.junit.jupiter.api.AssertTrue.failNotTrue(AssertTrue.java:63)
		at org.junit.jupiter.api.AssertTrue.assertTrue(AssertTrue.java:36)
		at org.junit.jupiter.api.Assertions.assertTrue(Assertions.java:214)
		at ejemplos._02_Asertos_Test$2.execute(_02_Asertos_Test.java:206)
		at org.junit.jupiter.api.AssertAll.lambda$assertAll$0(AssertAll.java:68)
		at java.base/java.util.stream.ReferencePipeline$3$1.accept(ReferencePipeline.java:197)
		at java.base/java.util.Spliterators$ArraySpliterator.forEachRemaining(Spliterators.java:992)
		at java.base/java.util.stream.AbstractPipeline.copyInto(AbstractPipeline.java:509)
		at java.base/java.util.stream.AbstractPipeline.wrapAndCopyInto(AbstractPipeline.java:499)
		at java.base/java.util.stream.ReduceOps$ReduceOp.evaluateSequential(ReduceOps.java:921)
		at java.base/java.util.stream.AbstractPipeline.evaluate(AbstractPipeline.java:234)
		at java.base/java.util.stream.ReferencePipeline.collect(ReferencePipeline.java:682)
		at org.junit.jupiter.api.AssertAll.assertAll(AssertAll.java:77)
		... 10 more
]]></failure>
  </testcase>
  <testcase name="primerTest" classname="ejemplos._01_Ejemplo_Test" time="0.086"/>
</testsuite>